<?xml version="1.0" encoding="UTF-8"?>
<!-- Generated by org.testng.reporters.JUnitXMLReporter -->
<testsuite ignored="0" hostname="DESKTOP-5N1P76C" failures="0" tests="4" name="Surefire test" time="0.038" errors="0" timestamp="2023-10-27T00:52:49 IST">
  <testcase classname="devopss.UserValidationTest" name="testCase1" time="0.011"/>
  <testcase classname="devopss.UserValidationTest" name="testCase2" time="0.001"/>
  <testcase classname="devopss.UserValidationTest" name="testCase3" time="0.0"/>
  <testcase classname="devopss.UserValidationTest" name="testCase4" time="0.0"/>
</testsuite> <!-- Surefire test -->
